Using pre-set license
Built from '2020.2/release' branch; Version is '2020.2.1f1 (270dd8c3da1c) revision 2559448'; Using compiler version '192528614'; Build Type 'Release'
OS: 'Windows 10  (10.0.0) 64bit' Language: 'es' Physical Memory: 32652 MB
BatchMode: 1, IsHumanControllingUs: 0, StartBugReporterOnCrash: 0, Is64bit: 1, IsPro: 0

 COMMAND LINE ARGUMENTS:
C:\Program Files\Unity\Hub\Editor\2020.2.1f1\Editor\Unity.exe
-adb2
-batchMode
-noUpm
-name
AssetImportWorker0
-projectPath
D:/4Dworks/repositorios/UnityMLHummingbirds/UnityMLHummingbirds
-logFile
Logs/AssetImportWorker0.log
-srvPort
50332
Successfully changed project path to: D:/4Dworks/repositorios/UnityMLHummingbirds/UnityMLHummingbirds
D:/4Dworks/repositorios/UnityMLHummingbirds/UnityMLHummingbirds
Using Asset Import Pipeline V2.
Refreshing native plugins compatible for Editor in 43.46 ms, found 1 plugins.
Preloading 0 native plugins for Editor in 0.00 ms.
Initialize engine version: 2020.2.1f1 (270dd8c3da1c)
[Subsystems] Discovering subsystems at path C:/Program Files/Unity/Hub/Editor/2020.2.1f1/Editor/Data/Resources/UnitySubsystems
[Subsystems] Discovering subsystems at path D:/4Dworks/repositorios/UnityMLHummingbirds/UnityMLHummingbirds/Assets
GfxDevice: creating device client; threaded=0
Direct3D:
    Version:  Direct3D 11.0 [level 11.1]
    Renderer: NVIDIA GeForce RTX 2060 (ID=0x1e89)
    Vendor:   
    VRAM:     5968 MB
    Driver:   27.21.14.6663
Initialize mono
Mono path[0] = 'C:/Program Files/Unity/Hub/Editor/2020.2.1f1/Editor/Data/Managed'
Mono path[1] = 'C:/Program Files/Unity/Hub/Editor/2020.2.1f1/Editor/Data/MonoBleedingEdge/lib/mono/unityjit'
Mono config path = 'C:/Program Files/Unity/Hub/Editor/2020.2.1f1/Editor/Data/MonoBleedingEdge/etc'
Using monoOptions --debugger-agent=transport=dt_socket,embedding=1,server=y,suspend=n,address=127.0.0.1:56392
Begin MonoManager ReloadAssembly
Registering precompiled unity dll's ...
Register platform support module: C:/Program Files/Unity/Hub/Editor/2020.2.1f1/Editor/Data/PlaybackEngines/WebGLSupport/UnityEditor.WebGL.Extensions.dll
Register platform support module: C:/Program Files/Unity/Hub/Editor/2020.2.1f1/Editor/Data/PlaybackEngines/WindowsStandaloneSupport/UnityEditor.WindowsStandalone.Extensions.dll
Registered in 0.002373 seconds.
Native extension for WindowsStandalone target not found
Native extension for WebGL target not found
Refreshing native plugins compatible for Editor in 41.67 ms, found 1 plugins.
Preloading 0 native plugins for Editor in 0.00 ms.
Invoked RoslynAnalysisRunner static constructor.
RoslynAnalysisRunner will not be running.
RoslynAnalysisRunner has terminated.
Mono: successfully reloaded assembly
- Completed reload, in  3.685 seconds
Platform modules already initialized, skipping
Registering precompiled user dll's ...
Registered in 0.002733 seconds.
Begin MonoManager ReloadAssembly
Native extension for WindowsStandalone target not found
Native extension for WebGL target not found
Refreshing native plugins compatible for Editor in 50.40 ms, found 1 plugins.
Preloading 0 native plugins for Editor in 0.00 ms.
Invoked RoslynAnalysisRunner static constructor.
RoslynAnalysisRunner will not be running.
RoslynAnalysisRunner has terminated.
Mono: successfully reloaded assembly
- Completed reload, in  1.346 seconds
Platform modules already initialized, skipping
========================================================================
Worker process is ready to serve import requests
Shader 'Universal Render Pipeline/Particles/Lit': fallback shader 'Universal Render Pipeline/Particles/SimpleLit' not found
Shader 'Universal Render Pipeline/Particles/Lit': fallback shader 'Universal Render Pipeline/Particles/SimpleLit' not found
Launched and connected shader compiler UnityShaderCompiler.exe after 0.03 seconds
Refreshing native plugins compatible for Editor in 0.60 ms, found 1 plugins.
Preloading 0 native plugins for Editor in 0.00 ms.
Unloading 2693 Unused Serialized files (Serialized files now loaded: 0)
System memory in use before: 122.3 MB.
System memory in use after: 120.2 MB.

Unloading 59 unused Assets to reduce memory usage. Loaded Objects now: 3086.
Total: 3.594400 ms (FindLiveObjects: 0.330300 ms CreateObjectMapping: 0.063200 ms MarkObjects: 2.115600 ms  DeleteObjects: 1.084000 ms)

========================================================================
Received Import Request.
  path: Assets/Hummingbird/NNModels/Hummingbird.nn
  artifactKey: Guid(10dd5d93b2e02204ca22f54f5dcf47c0) Importer(815301076,1909f56bfc062723c751e8b465ee728b)
Start importing Assets/Hummingbird/NNModels/Hummingbird.nn using Guid(10dd5d93b2e02204ca22f54f5dcf47c0) Importer(815301076,1909f56bfc062723c751e8b465ee728b) NullReferenceException
  at (wrapper managed-to-native) UnityEditor.EditorUtility.CopySerialized(UnityEngine.Object,UnityEngine.Object)
  at Unity.Barracuda.NNModelEditor.RenderStaticPreview (System.String assetPath, UnityEngine.Object[] subAssets, System.Int32 width, System.Int32 height) [0x00009] in D:\4Dworks\repositorios\UnityMLHummingbirds\UnityMLHummingbirds\Library\PackageCache\com.unity.barracuda@1.0.4\Barracuda\Editor\ONNXModelImporterEditor.cs:85 
  at UnityEditor.AssetPreviewUpdater.CreatePreviewForAsset (UnityEngine.Object obj, UnityEngine.Object[] subAssets, System.String assetPath) [0x0008a] in <1e441e8684a14fe4b8f8a926d91afc3a>:0 

(Filename: Library/PackageCache/com.unity.barracuda@1.0.4/Barracuda/Editor/ONNXModelImporterEditor.cs Line: 85)

 -> (artifact id: '327d1bd0a0a5dacfe35466b8f82754b7') in 0.062381 seconds
  Import took 0.066789 seconds .

========================================================================
Received Import Request.
  Time since last request: 0.000325 seconds.
  path: Assets/Hummingbird/NNModels
  artifactKey: Guid(8f781c85fca916447bdec1e74d0c7695) Importer(815301076,1909f56bfc062723c751e8b465ee728b)
Start importing Assets/Hummingbird/NNModels using Guid(8f781c85fca916447bdec1e74d0c7695) Importer(815301076,1909f56bfc062723c751e8b465ee728b)  -> (artifact id: 'c751ad33bd8ecec5f2a68e11747d5d29') in 0.001657 seconds
  Import took 0.005146 seconds .

========================================================================
Received Prepare
Registering precompiled user dll's ...
Registered in 0.003023 seconds.
Begin MonoManager ReloadAssembly
Native extension for WindowsStandalone target not found
Native extension for WebGL target not found
Refreshing native plugins compatible for Editor in 0.87 ms, found 1 plugins.
Preloading 0 native plugins for Editor in 0.00 ms.
Invoked RoslynAnalysisRunner static constructor.
RoslynAnalysisRunner will not be running.
RoslynAnalysisRunner has terminated.
Mono: successfully reloaded assembly
- Completed reload, in  1.021 seconds
Platform modules already initialized, skipping
Shader 'Universal Render Pipeline/Particles/Lit': fallback shader 'Universal Render Pipeline/Particles/SimpleLit' not found
Shader 'Universal Render Pipeline/Particles/Lit': fallback shader 'Universal Render Pipeline/Particles/SimpleLit' not found
Refreshing native plugins compatible for Editor in 0.81 ms, found 1 plugins.
Preloading 0 native plugins for Editor in 0.00 ms.
Unloading 2620 Unused Serialized files (Serialized files now loaded: 0)
System memory in use before: 119.9 MB.
System memory in use after: 117.8 MB.

Unloading 54 unused Assets to reduce memory usage. Loaded Objects now: 3090.
Total: 4.743800 ms (FindLiveObjects: 0.422600 ms CreateObjectMapping: 0.068700 ms MarkObjects: 3.044100 ms  DeleteObjects: 1.207200 ms)

========================================================================
Received Import Request.
  Time since last request: 1571.116446 seconds.
  path: Assets/Hummingbird/Scenes/FlowerIsland.unity
  artifactKey: Guid(846dbdeb5679da046ac5ca16e6cd5872) Importer(815301076,1909f56bfc062723c751e8b465ee728b)
Start importing Assets/Hummingbird/Scenes/FlowerIsland.unity using Guid(846dbdeb5679da046ac5ca16e6cd5872) Importer(815301076,1909f56bfc062723c751e8b465ee728b)  -> (artifact id: 'cf9f679699ce752310ab89e0247cc437') in 0.013672 seconds
  Import took 0.018659 seconds .

========================================================================
Received Import Request.
  Time since last request: 5.900061 seconds.
  path: Assets/Hummingbird/Prefabs/FloatingIsland.prefab
  artifactKey: Guid(423815a9aec87fb48bbb6f0f35a66653) Importer(815301076,1909f56bfc062723c751e8b465ee728b)
Start importing Assets/Hummingbird/Prefabs/FloatingIsland.prefab using Guid(423815a9aec87fb48bbb6f0f35a66653) Importer(815301076,1909f56bfc062723c751e8b465ee728b)  -> (artifact id: '77d0ae89a7c70a09fd723519a86a6dc6') in 0.430163 seconds
  Import took 0.454059 seconds .

========================================================================
Received Import Request.
  Time since last request: 0.000385 seconds.
  path: Assets/Hummingbird/Prefabs/Hummingbird.prefab
  artifactKey: Guid(ee5d7605796823e44b0821e269dced5d) Importer(815301076,1909f56bfc062723c751e8b465ee728b)
Start importing Assets/Hummingbird/Prefabs/Hummingbird.prefab using Guid(ee5d7605796823e44b0821e269dced5d) Importer(815301076,1909f56bfc062723c751e8b465ee728b)  -> (artifact id: 'a1087d042762f2958d30fead0bc66a39') in 0.017435 seconds
  Import took 0.022616 seconds .

========================================================================
Received Prepare
Registering precompiled user dll's ...
Registered in 0.002569 seconds.
Begin MonoManager ReloadAssembly
Native extension for WindowsStandalone target not found
Native extension for WebGL target not found
Refreshing native plugins compatible for Editor in 0.92 ms, found 1 plugins.
Preloading 0 native plugins for Editor in 0.00 ms.
Invoked RoslynAnalysisRunner static constructor.
RoslynAnalysisRunner will not be running.
RoslynAnalysisRunner has terminated.
Mono: successfully reloaded assembly
- Completed reload, in  0.876 seconds
Platform modules already initialized, skipping
Shader 'Universal Render Pipeline/Particles/Lit': fallback shader 'Universal Render Pipeline/Particles/SimpleLit' not found
Shader 'Universal Render Pipeline/Particles/Lit': fallback shader 'Universal Render Pipeline/Particles/SimpleLit' not found
Refreshing native plugins compatible for Editor in 0.61 ms, found 1 plugins.
Preloading 0 native plugins for Editor in 0.00 ms.
Unloading 2621 Unused Serialized files (Serialized files now loaded: 0)
System memory in use before: 132.8 MB.
System memory in use after: 130.7 MB.

Unloading 54 unused Assets to reduce memory usage. Loaded Objects now: 3138.
Total: 3.760100 ms (FindLiveObjects: 0.401000 ms CreateObjectMapping: 0.061600 ms MarkObjects: 2.158200 ms  DeleteObjects: 1.137900 ms)

========================================================================
Received Prepare
Registering precompiled user dll's ...
Registered in 0.002922 seconds.
Begin MonoManager ReloadAssembly
Native extension for WindowsStandalone target not found
Native extension for WebGL target not found
Refreshing native plugins compatible for Editor in 0.67 ms, found 1 plugins.
Preloading 0 native plugins for Editor in 0.00 ms.
Invoked RoslynAnalysisRunner static constructor.
RoslynAnalysisRunner will not be running.
RoslynAnalysisRunner has terminated.
Mono: successfully reloaded assembly
- Completed reload, in  0.864 seconds
Platform modules already initialized, skipping
Shader 'Universal Render Pipeline/Particles/Lit': fallback shader 'Universal Render Pipeline/Particles/SimpleLit' not found
Shader 'Universal Render Pipeline/Particles/Lit': fallback shader 'Universal Render Pipeline/Particles/SimpleLit' not found
Refreshing native plugins compatible for Editor in 0.70 ms, found 1 plugins.
Preloading 0 native plugins for Editor in 0.00 ms.
Unloading 2623 Unused Serialized files (Serialized files now loaded: 0)
System memory in use before: 132.8 MB.
System memory in use after: 130.8 MB.

Unloading 54 unused Assets to reduce memory usage. Loaded Objects now: 3142.
Total: 3.949600 ms (FindLiveObjects: 0.382800 ms CreateObjectMapping: 0.059400 ms MarkObjects: 2.139000 ms  DeleteObjects: 1.366700 ms)

========================================================================
Received Import Request.
  Time since last request: 168.974545 seconds.
  path: Assets/Hummingbird/Prefabs/UI.prefab
  artifactKey: Guid(761b85bf77377c84c99d1f58d31e9bdb) Importer(815301076,1909f56bfc062723c751e8b465ee728b)
Start importing Assets/Hummingbird/Prefabs/UI.prefab using Guid(761b85bf77377c84c99d1f58d31e9bdb) Importer(815301076,1909f56bfc062723c751e8b465ee728b)  -> (artifact id: '46034b3b4409109deafd47953f2c6198') in 0.046930 seconds
  Import took 0.051281 seconds .

========================================================================
Received Prepare
Registering precompiled user dll's ...
Registered in 0.003635 seconds.
Begin MonoManager ReloadAssembly
Native extension for WindowsStandalone target not found
Native extension for WebGL target not found
Refreshing native plugins compatible for Editor in 0.63 ms, found 1 plugins.
Preloading 0 native plugins for Editor in 0.00 ms.
Invoked RoslynAnalysisRunner static constructor.
RoslynAnalysisRunner will not be running.
RoslynAnalysisRunner has terminated.
Mono: successfully reloaded assembly
- Completed reload, in  0.907 seconds
Platform modules already initialized, skipping
Shader 'Universal Render Pipeline/Particles/Lit': fallback shader 'Universal Render Pipeline/Particles/SimpleLit' not found
Shader 'Universal Render Pipeline/Particles/Lit': fallback shader 'Universal Render Pipeline/Particles/SimpleLit' not found
Refreshing native plugins compatible for Editor in 0.68 ms, found 1 plugins.
Preloading 0 native plugins for Editor in 0.00 ms.
Unloading 2670 Unused Serialized files (Serialized files now loaded: 0)
System memory in use before: 135.5 MB.
System memory in use after: 132.8 MB.

Unloading 67 unused Assets to reduce memory usage. Loaded Objects now: 3178.
Total: 3.955000 ms (FindLiveObjects: 0.426100 ms CreateObjectMapping: 0.062100 ms MarkObjects: 1.846400 ms  DeleteObjects: 1.619400 ms)

========================================================================
Received Prepare
Registering precompiled user dll's ...
Registered in 0.002743 seconds.
Begin MonoManager ReloadAssembly
Native extension for WindowsStandalone target not found
Native extension for WebGL target not found
Refreshing native plugins compatible for Editor in 1.00 ms, found 1 plugins.
Preloading 0 native plugins for Editor in 0.00 ms.
Invoked RoslynAnalysisRunner static constructor.
RoslynAnalysisRunner will not be running.
RoslynAnalysisRunner has terminated.
Mono: successfully reloaded assembly
- Completed reload, in  0.859 seconds
Platform modules already initialized, skipping
Shader 'Universal Render Pipeline/Particles/Lit': fallback shader 'Universal Render Pipeline/Particles/SimpleLit' not found
Shader 'Universal Render Pipeline/Particles/Lit': fallback shader 'Universal Render Pipeline/Particles/SimpleLit' not found
Refreshing native plugins compatible for Editor in 0.64 ms, found 1 plugins.
Preloading 0 native plugins for Editor in 0.00 ms.
Unloading 2670 Unused Serialized files (Serialized files now loaded: 0)
System memory in use before: 135.4 MB.
System memory in use after: 132.8 MB.

Unloading 67 unused Assets to reduce memory usage. Loaded Objects now: 3180.
Total: 4.630400 ms (FindLiveObjects: 0.352100 ms CreateObjectMapping: 0.072700 ms MarkObjects: 2.443500 ms  DeleteObjects: 1.759300 ms)

========================================================================
Received Import Request.
  Time since last request: 1434.544999 seconds.
  path: Assets/Hummingbird/Scripts/FlowerArea.cs
  artifactKey: Guid(c91b8982ffe50bd47a973e1f130643cf) Importer(815301076,1909f56bfc062723c751e8b465ee728b)
Start importing Assets/Hummingbird/Scripts/FlowerArea.cs using Guid(c91b8982ffe50bd47a973e1f130643cf) Importer(815301076,1909f56bfc062723c751e8b465ee728b)  -> (artifact id: 'fe1901ae122e5d098d8d57243b95abb7') in 0.009845 seconds
  Import took 0.014362 seconds .

========================================================================
Received Import Request.
  Time since last request: 0.015065 seconds.
  path: Assets/Hummingbird/Scripts/FlowerArea.cs
  artifactKey: Guid(c91b8982ffe50bd47a973e1f130643cf) Importer(815301076,1909f56bfc062723c751e8b465ee728b)
Start importing Assets/Hummingbird/Scripts/FlowerArea.cs using Guid(c91b8982ffe50bd47a973e1f130643cf) Importer(815301076,1909f56bfc062723c751e8b465ee728b)  -> (artifact id: 'fe1901ae122e5d098d8d57243b95abb7') in 0.001781 seconds
  Import took 0.005786 seconds .

========================================================================
Received Import Request.
  Time since last request: 0.454438 seconds.
  path: Assets/Hummingbird/Scripts/HummingbirdAgent.cs
  artifactKey: Guid(a0a23be166638394494236e8e2ef8874) Importer(815301076,1909f56bfc062723c751e8b465ee728b)
Start importing Assets/Hummingbird/Scripts/HummingbirdAgent.cs using Guid(a0a23be166638394494236e8e2ef8874) Importer(815301076,1909f56bfc062723c751e8b465ee728b)  -> (artifact id: 'c42efcc3eec40dfdd4de6521295b3a6a') in 0.004206 seconds
  Import took 0.008334 seconds .

========================================================================
Received Prepare
Registering precompiled user dll's ...
Registered in 0.002650 seconds.
Begin MonoManager ReloadAssembly
Native extension for WindowsStandalone target not found
Native extension for WebGL target not found
Refreshing native plugins compatible for Editor in 0.64 ms, found 1 plugins.
Preloading 0 native plugins for Editor in 0.00 ms.
Invoked RoslynAnalysisRunner static constructor.
RoslynAnalysisRunner will not be running.
RoslynAnalysisRunner has terminated.
Mono: successfully reloaded assembly
- Completed reload, in  0.897 seconds
Platform modules already initialized, skipping
Shader 'Universal Render Pipeline/Particles/Lit': fallback shader 'Universal Render Pipeline/Particles/SimpleLit' not found
Shader 'Universal Render Pipeline/Particles/Lit': fallback shader 'Universal Render Pipeline/Particles/SimpleLit' not found
Refreshing native plugins compatible for Editor in 0.67 ms, found 1 plugins.
Preloading 0 native plugins for Editor in 0.00 ms.
Unloading 2670 Unused Serialized files (Serialized files now loaded: 0)
System memory in use before: 135.5 MB.
System memory in use after: 132.9 MB.

Unloading 67 unused Assets to reduce memory usage. Loaded Objects now: 3182.
Total: 4.167800 ms (FindLiveObjects: 0.394400 ms CreateObjectMapping: 0.060700 ms MarkObjects: 2.131100 ms  DeleteObjects: 1.580400 ms)

========================================================================
Received Import Request.
  Time since last request: 60.664247 seconds.
  path: Assets/Hummingbird/Scripts/HummingbirdAgent.cs
  artifactKey: Guid(a0a23be166638394494236e8e2ef8874) Importer(815301076,1909f56bfc062723c751e8b465ee728b)
Start importing Assets/Hummingbird/Scripts/HummingbirdAgent.cs using Guid(a0a23be166638394494236e8e2ef8874) Importer(815301076,1909f56bfc062723c751e8b465ee728b)  -> (artifact id: 'd1c111ec554e2fc6002089041f9662e6') in 0.005449 seconds
  Import took 0.009463 seconds .

========================================================================
Received Prepare
Registering precompiled user dll's ...
Registered in 0.003592 seconds.
Begin MonoManager ReloadAssembly
Native extension for WindowsStandalone target not found
Native extension for WebGL target not found
Refreshing native plugins compatible for Editor in 0.68 ms, found 1 plugins.
Preloading 0 native plugins for Editor in 0.00 ms.
Invoked RoslynAnalysisRunner static constructor.
RoslynAnalysisRunner will not be running.
RoslynAnalysisRunner has terminated.
Mono: successfully reloaded assembly
- Completed reload, in  0.860 seconds
Platform modules already initialized, skipping
Shader 'Universal Render Pipeline/Particles/Lit': fallback shader 'Universal Render Pipeline/Particles/SimpleLit' not found
Shader 'Universal Render Pipeline/Particles/Lit': fallback shader 'Universal Render Pipeline/Particles/SimpleLit' not found
Refreshing native plugins compatible for Editor in 0.66 ms, found 1 plugins.
Preloading 0 native plugins for Editor in 0.00 ms.
Unloading 2670 Unused Serialized files (Serialized files now loaded: 0)
System memory in use before: 135.5 MB.
System memory in use after: 132.9 MB.

Unloading 67 unused Assets to reduce memory usage. Loaded Objects now: 3184.
Total: 4.285400 ms (FindLiveObjects: 0.393500 ms CreateObjectMapping: 0.061800 ms MarkObjects: 2.089400 ms  DeleteObjects: 1.739500 ms)

========================================================================
Received Prepare
Shader 'Universal Render Pipeline/Particles/Lit': fallback shader 'Universal Render Pipeline/Particles/SimpleLit' not found
Shader 'Universal Render Pipeline/Particles/Lit': fallback shader 'Universal Render Pipeline/Particles/SimpleLit' not found
Refreshing native plugins compatible for Editor in 5.15 ms, found 1 plugins.
Preloading 0 native plugins for Editor in 0.00 ms.
Unloading 65 Unused Serialized files (Serialized files now loaded: 0)
System memory in use before: 84.2 MB.
System memory in use after: 81.5 MB.

Unloading 65 unused Assets to reduce memory usage. Loaded Objects now: 3184.
Total: 4.217500 ms (FindLiveObjects: 0.395700 ms CreateObjectMapping: 0.063600 ms MarkObjects: 2.109300 ms  DeleteObjects: 1.647900 ms)

========================================================================
Received Prepare
Shader 'Universal Render Pipeline/Particles/Lit': fallback shader 'Universal Render Pipeline/Particles/SimpleLit' not found
Shader 'Universal Render Pipeline/Particles/Lit': fallback shader 'Universal Render Pipeline/Particles/SimpleLit' not found
Refreshing native plugins compatible for Editor in 4.13 ms, found 1 plugins.
Preloading 0 native plugins for Editor in 0.00 ms.
Unloading 65 Unused Serialized files (Serialized files now loaded: 0)
System memory in use before: 84.2 MB.
System memory in use after: 81.5 MB.

Unloading 65 unused Assets to reduce memory usage. Loaded Objects now: 3184.
Total: 4.471800 ms (FindLiveObjects: 0.378100 ms CreateObjectMapping: 0.060600 ms MarkObjects: 2.349800 ms  DeleteObjects: 1.681900 ms)

========================================================================
Received Prepare
Shader 'Universal Render Pipeline/Particles/Lit': fallback shader 'Universal Render Pipeline/Particles/SimpleLit' not found
Shader 'Universal Render Pipeline/Particles/Lit': fallback shader 'Universal Render Pipeline/Particles/SimpleLit' not found
Refreshing native plugins compatible for Editor in 3.80 ms, found 1 plugins.
Preloading 0 native plugins for Editor in 0.00 ms.
Unloading 65 Unused Serialized files (Serialized files now loaded: 0)
System memory in use before: 84.2 MB.
System memory in use after: 81.5 MB.

Unloading 65 unused Assets to reduce memory usage. Loaded Objects now: 3184.
Total: 4.416500 ms (FindLiveObjects: 0.365000 ms CreateObjectMapping: 0.071200 ms MarkObjects: 2.126000 ms  DeleteObjects: 1.853600 ms)

========================================================================
Received Prepare
Shader 'Universal Render Pipeline/Particles/Lit': fallback shader 'Universal Render Pipeline/Particles/SimpleLit' not found
Shader 'Universal Render Pipeline/Particles/Lit': fallback shader 'Universal Render Pipeline/Particles/SimpleLit' not found
Refreshing native plugins compatible for Editor in 3.50 ms, found 1 plugins.
Preloading 0 native plugins for Editor in 0.00 ms.
Unloading 65 Unused Serialized files (Serialized files now loaded: 0)
System memory in use before: 84.2 MB.
System memory in use after: 81.5 MB.

Unloading 65 unused Assets to reduce memory usage. Loaded Objects now: 3184.
Total: 4.626700 ms (FindLiveObjects: 0.358200 ms CreateObjectMapping: 0.062100 ms MarkObjects: 2.562100 ms  DeleteObjects: 1.643000 ms)

========================================================================
Received Prepare
Registering precompiled user dll's ...
Registered in 0.003000 seconds.
Begin MonoManager ReloadAssembly
Native extension for WindowsStandalone target not found
Native extension for WebGL target not found
Refreshing native plugins compatible for Editor in 0.73 ms, found 1 plugins.
Preloading 0 native plugins for Editor in 0.00 ms.
Invoked RoslynAnalysisRunner static constructor.
RoslynAnalysisRunner will not be running.
RoslynAnalysisRunner has terminated.
Mono: successfully reloaded assembly
- Completed reload, in  1.010 seconds
Platform modules already initialized, skipping
Shader 'Universal Render Pipeline/Particles/Lit': fallback shader 'Universal Render Pipeline/Particles/SimpleLit' not found
Shader 'Universal Render Pipeline/Particles/Lit': fallback shader 'Universal Render Pipeline/Particles/SimpleLit' not found
Refreshing native plugins compatible for Editor in 0.71 ms, found 1 plugins.
Preloading 0 native plugins for Editor in 0.00 ms.
Unloading 2670 Unused Serialized files (Serialized files now loaded: 0)
System memory in use before: 135.6 MB.
System memory in use after: 132.9 MB.

Unloading 67 unused Assets to reduce memory usage. Loaded Objects now: 3186.
Total: 5.256900 ms (FindLiveObjects: 0.504500 ms CreateObjectMapping: 0.085500 ms MarkObjects: 2.780800 ms  DeleteObjects: 1.884800 ms)

========================================================================
Received Prepare
Registering precompiled user dll's ...
Registered in 0.002806 seconds.
Begin MonoManager ReloadAssembly
Native extension for WindowsStandalone target not found
Native extension for WebGL target not found
Refreshing native plugins compatible for Editor in 0.68 ms, found 1 plugins.
Preloading 0 native plugins for Editor in 0.00 ms.
Invoked RoslynAnalysisRunner static constructor.
RoslynAnalysisRunner will not be running.
RoslynAnalysisRunner has terminated.
Mono: successfully reloaded assembly
- Completed reload, in  0.941 seconds
Platform modules already initialized, skipping
Shader 'Universal Render Pipeline/Particles/Lit': fallback shader 'Universal Render Pipeline/Particles/SimpleLit' not found
Shader 'Universal Render Pipeline/Particles/Lit': fallback shader 'Universal Render Pipeline/Particles/SimpleLit' not found
Refreshing native plugins compatible for Editor in 0.67 ms, found 1 plugins.
Preloading 0 native plugins for Editor in 0.00 ms.
Unloading 2670 Unused Serialized files (Serialized files now loaded: 0)
System memory in use before: 135.6 MB.
System memory in use after: 132.9 MB.

Unloading 67 unused Assets to reduce memory usage. Loaded Objects now: 3188.
Total: 4.181800 ms (FindLiveObjects: 0.372000 ms CreateObjectMapping: 0.071700 ms MarkObjects: 1.930300 ms  DeleteObjects: 1.806400 ms)

AssetImportWorkerClient::OnTransportError - code=2 error=End of file
